<?xml version="1.0" encoding="UTF-8"?>
<!-- Generated by org.testng.reporters.JUnitReportReporter -->
<testsuite hostname="LAPTOP-SANAMQNB" failures="0" tests="16" name="Test.MyTestCases" time="10.117" errors="0" timestamp="2025-07-23T23:50:54 AST" skipped="11">
  <testcase classname="Test.MyTestCases" name="addData" time="0.052"/>
  <testcase classname="Test.MyTestCases" name="updateData" time="0.019"/>
  <testcase classname="Test.MyTestCases" name="Calender" time="5.482"/>
  <testcase classname="Test.MyTestCases" name="deleteData" time="0.060"/>
  <testcase classname="Test.MyTestCases" name="TakeAscreenShot" time="4.504"/>
  <testcase classname="Test.MyTestCases" name="openWindow">
    <skipped/>
  </testcase> <!-- openWindow -->
  <testcase classname="Test.MyTestCases" name="theTable">
    <skipped/>
  </testcase> <!-- theTable -->
  <testcase classname="Test.MyTestCases" name="RadioButton">
    <skipped/>
  </testcase> <!-- RadioButton -->
  <testcase classname="Test.MyTestCases" name="DynamicDropDownList">
    <skipped/>
  </testcase> <!-- DynamicDropDownList -->
  <testcase classname="Test.MyTestCases" name="Select_Tag">
    <skipped/>
  </testcase> <!-- Select_Tag -->
  <testcase classname="Test.MyTestCases" name="openTab">
    <skipped/>
  </testcase> <!-- openTab -->
  <testcase classname="Test.MyTestCases" name="EnableAndDisable">
    <skipped/>
  </testcase> <!-- EnableAndDisable -->
  <testcase classname="Test.MyTestCases" name="HideAndShow">
    <skipped/>
  </testcase> <!-- HideAndShow -->
  <testcase classname="Test.MyTestCases" name="AlertAndConfirm">
    <skipped/>
  </testcase> <!-- AlertAndConfirm -->
  <testcase classname="Test.MyTestCases" name="CheckBox">
    <skipped/>
  </testcase> <!-- CheckBox -->
  <testcase classname="Test.MyTestCases" name="MouseHover">
    <skipped/>
  </testcase> <!-- MouseHover -->
</testsuite> <!-- Test.MyTestCases -->
