<?xml version="1.0" encoding="UTF-8"?>
<!-- Generated by org.testng.reporters.JUnitReportReporter -->
<testsuite hostname="LAPTOP-SANAMQNB" failures="0" tests="11" name="Test.MyTestCases" time="4.255" errors="0" timestamp="2025-07-21T21:30:23 AST" skipped="10">
  <testcase classname="Test.MyTestCases" name="MouseHover" time="4.255"/>
  <testcase classname="Test.MyTestCases" name="DynamicDropDownList">
    <skipped/>
  </testcase> <!-- DynamicDropDownList -->
  <testcase classname="Test.MyTestCases" name="EnableAndDisable">
    <skipped/>
  </testcase> <!-- EnableAndDisable -->
  <testcase classname="Test.MyTestCases" name="openWindow">
    <skipped/>
  </testcase> <!-- openWindow -->
  <testcase classname="Test.MyTestCases" name="theTable">
    <skipped/>
  </testcase> <!-- theTable -->
  <testcase classname="Test.MyTestCases" name="RadioButton">
    <skipped/>
  </testcase> <!-- RadioButton -->
  <testcase classname="Test.MyTestCases" name="Select_Tag">
    <skipped/>
  </testcase> <!-- Select_Tag -->
  <testcase classname="Test.MyTestCases" name="openTab">
    <skipped/>
  </testcase> <!-- openTab -->
  <testcase classname="Test.MyTestCases" name="HideAndShow">
    <skipped/>
  </testcase> <!-- HideAndShow -->
  <testcase classname="Test.MyTestCases" name="AlertAndConfirm">
    <skipped/>
  </testcase> <!-- AlertAndConfirm -->
  <testcase classname="Test.MyTestCases" name="CheckBox">
    <skipped/>
  </testcase> <!-- CheckBox -->
</testsuite> <!-- Test.MyTestCases -->
