<?xml version="1.0" encoding="UTF-8"?>
<!-- Generated by org.testng.reporters.JUnitReportReporter -->
<testsuite hostname="LAPTOP-SANAMQNB" failures="0" tests="16" name="Test.MyTestCases" time="5.857" errors="0" timestamp="2025-08-02T17:43:43 AST" skipped="13">
  <testcase classname="Test.MyTestCases" name="addData" time="0.035"/>
  <testcase classname="Test.MyTestCases" name="updateData" time="0.011"/>
  <testcase classname="Test.MyTestCases" name="Calender" time="5.811"/>
  <testcase classname="Test.MyTestCases" name="AlertAndConfirm">
    <skipped/>
  </testcase> <!-- AlertAndConfirm -->
  <testcase classname="Test.MyTestCases" name="DynamicDropDownList">
    <skipped/>
  </testcase> <!-- DynamicDropDownList -->
  <testcase classname="Test.MyTestCases" name="EnableAndDisable">
    <skipped/>
  </testcase> <!-- EnableAndDisable -->
  <testcase classname="Test.MyTestCases" name="Select_Tag">
    <skipped/>
  </testcase> <!-- Select_Tag -->
  <testcase classname="Test.MyTestCases" name="RadioButton">
    <skipped/>
  </testcase> <!-- RadioButton -->
  <testcase classname="Test.MyTestCases" name="MouseHover">
    <skipped/>
  </testcase> <!-- MouseHover -->
  <testcase classname="Test.MyTestCases" name="TakeAscreenShot">
    <skipped/>
  </testcase> <!-- TakeAscreenShot -->
  <testcase classname="Test.MyTestCases" name="HideAndShow">
    <skipped/>
  </testcase> <!-- HideAndShow -->
  <testcase classname="Test.MyTestCases" name="openTab">
    <skipped/>
  </testcase> <!-- openTab -->
  <testcase classname="Test.MyTestCases" name="theTable">
    <skipped/>
  </testcase> <!-- theTable -->
  <testcase classname="Test.MyTestCases" name="openWindow">
    <skipped/>
  </testcase> <!-- openWindow -->
  <testcase classname="Test.MyTestCases" name="deleteData">
    <skipped/>
  </testcase> <!-- deleteData -->
  <testcase classname="Test.MyTestCases" name="CheckBox">
    <skipped/>
  </testcase> <!-- CheckBox -->
</testsuite> <!-- Test.MyTestCases -->
